<?xml version="1.0" encoding="UTF-8"?>
<!-- Generated by org.testng.reporters.JUnitReportReporter -->
<testsuite hostname="DESKTOP-I6VULTJ" failures="0" tests="3" name="testcases.MainTest" time="1.151" errors="0" timestamp="2025-08-03T16:50:46 IST" skipped="0">
  <testcase classname="testcases.MainTest" name="TestMainPage" time="1.001"/>
  <system-out/>
  <testcase classname="testcases.MainTest" name="getTitlePage" time="0.018"/>
  <system-out/>
  <testcase classname="testcases.MainTest" name="getElectronicsTitle" time="0.132"/>
  <system-out/>
</testsuite> <!-- testcases.MainTest -->
