<?xml version="1.0" encoding="UTF-8"?>
<!-- Generated by org.testng.reporters.JUnitReportReporter -->
<testsuite hostname="DESKTOP-I6VULTJ" failures="0" tests="3" name="testcases.SearchTest" time="14.424" errors="0" timestamp="2025-08-03T16:50:46 IST" skipped="0">
  <testcase classname="testcases.SearchTest" name="searchMobile" time="1.906"/>
  <system-out/>
  <testcase classname="testcases.SearchTest" name="searchMobile" time="10.647"/>
  <system-out/>
  <testcase classname="testcases.SearchTest" name="searchMobile" time="1.871"/>
  <system-out/>
</testsuite> <!-- testcases.SearchTest -->
