<?xml version="1.0" encoding="UTF-8"?>
<!-- Generated by org.testng.reporters.JUnitReportReporter -->
<testsuite hostname="DESKTOP-I6VULTJ" failures="0" tests="3" name="testcases.CartTest" time="4.351" errors="0" timestamp="2025-08-03T16:50:46 IST" skipped="0">
  <testcase classname="testcases.CartTest" name="ClickCart" time="0.980"/>
  <system-out/>
  <testcase classname="testcases.CartTest" name="CartItems" time="3.355"/>
  <system-out/>
  <testcase classname="testcases.CartTest" name="getTitlePage" time="0.016"/>
  <system-out/>
</testsuite> <!-- testcases.CartTest -->
